<?xml version="1.0" encoding="UTF-8"?>
<!-- Generated by org.testng.reporters.JUnitReportReporter -->
<testsuite hostname="Kunal" failures="0" tests="1" name="selenium.TestClassFbFetchMethod" time="149.946" errors="0" timestamp="2022-04-14T12:40:48 IST" skipped="0">
  <testcase classname="selenium.TestClassFbFetchMethod" name="fetchData" time="149.946"/>
  <system-out/>
</testsuite> <!-- selenium.TestClassFbFetchMethod -->
