<?xml version="1.0" encoding="UTF-8"?>
<!-- Generated by org.testng.reporters.JUnitReportReporter -->
<testsuite hostname="Kunal" failures="0" tests="4" name="selenium.Group_Concept" time="0.052" errors="0" timestamp="2022-09-20T12:47:39 IST" skipped="0">
  <testcase classname="selenium.Group_Concept" name="test02" time="0.003"/>
  <system-out/>
  <testcase classname="selenium.Group_Concept" name="test03" time="0.005"/>
  <system-out/>
  <testcase classname="selenium.Group_Concept" name="test04" time="0.002"/>
  <system-out/>
  <testcase classname="selenium.Group_Concept" name="test01" time="0.042"/>
  <system-out/>
</testsuite> <!-- selenium.Group_Concept -->
