<?xml version="1.0" encoding="UTF-8"?>
<!-- Generated by org.testng.reporters.JUnitReportReporter -->
<testsuite hostname="Kunal" failures="0" tests="3" name="selenium.Testclass_fbsignIn" time="101.153" errors="0" timestamp="2022-04-12T00:56:08 IST" skipped="0">
  <testcase classname="selenium.Testclass_fbsignIn" name="usernameMethod" time="21.013"/>
  <system-out/>
  <testcase classname="selenium.Testclass_fbsignIn" name="passwordMethod1" time="54.055"/>
  <system-out/>
  <testcase classname="selenium.Testclass_fbsignIn" name="loginbtnMethod" time="26.085"/>
  <system-out/>
</testsuite> <!-- selenium.Testclass_fbsignIn -->
