<?xml version="1.0" encoding="UTF-8"?>
<!-- Generated by org.testng.reporters.JUnitReportReporter -->
<testsuite hostname="Kunal" failures="0" tests="3" name="selenium.Testclass_onebyonelogin" time="229.895" errors="0" timestamp="2022-04-19T01:22:33 IST" skipped="0">
  <testcase classname="selenium.Testclass_onebyonelogin" name="firstlogintest" time="46.125"/>
  <system-out/>
  <testcase classname="selenium.Testclass_onebyonelogin" name="secondlogintest" time="155.948"/>
  <system-out/>
  <testcase classname="selenium.Testclass_onebyonelogin" name="thirdlogintest" time="27.822"/>
  <system-out/>
</testsuite> <!-- selenium.Testclass_onebyonelogin -->
