<?xml version="1.0" encoding="UTF-8"?>
<!-- Generated by org.testng.reporters.JUnitReportReporter -->
<testsuite hostname="Kunal" failures="0" tests="2" name="seleniumPractise.Testclass_flipkart_login_fetchdata" time="117.320" errors="0" timestamp="2022-04-19T01:35:57 IST" skipped="0">
  <testcase classname="seleniumPractise.Testclass_flipkart_login_fetchdata" name="firstlogtest" time="90.275"/>
  <system-out/>
  <testcase classname="seleniumPractise.Testclass_flipkart_login_fetchdata" name="secoondlogtest" time="27.045"/>
  <system-out/>
</testsuite> <!-- seleniumPractise.Testclass_flipkart_login_fetchdata -->
