<?xml version="1.0" encoding="UTF-8"?>
<!-- Generated by org.testng.reporters.JUnitReportReporter -->
<testsuite hostname="Kunal" failures="0" tests="3" name="demodemo.Practise" time="0.025" errors="0" timestamp="2022-09-28T12:28:52 IST" skipped="0">
  <testcase classname="demodemo.Practise" name="test04" time="0.019"/>
  <system-out/>
  <testcase classname="demodemo.Practise" name="test03" time="0.003"/>
  <system-out/>
  <testcase classname="demodemo.Practise" name="test02" time="0.003"/>
  <system-out/>
</testsuite> <!-- demodemo.Practise -->
